  [1m[36m (1.7ms)[0m  [1mCREATE TABLE "schema_migrations" ("version" varchar NOT NULL) [0m
  [1m[35m (0.1ms)[0m  select sqlite_version(*)
  [1m[36m (1.6ms)[0m  [1mCREATE UNIQUE INDEX "unique_schema_migrations" ON "schema_migrations" ("version")[0m
  [1m[35mActiveRecord::SchemaMigration Load (0.1ms)[0m  SELECT "schema_migrations".* FROM "schema_migrations"


Started GET "/" for ::1 at 2015-11-17 17:47:54 -0600
Processing by Rails::WelcomeController#index as HTML
  Rendered /Users/admin/.rvm/gems/ruby-2.1.2/gems/railties-4.2.3/lib/rails/templates/rails/welcome/index.html.erb (2.8ms)
Completed 200 OK in 27ms (Views: 19.4ms | ActiveRecord: 0.0ms)
  [1m[36mActiveRecord::SchemaMigration Load (0.1ms)[0m  [1mSELECT "schema_migrations".* FROM "schema_migrations"[0m
Migrating to CreateStudents (1)
  [1m[35m (0.1ms)[0m  begin transaction
  [1m[36m (0.4ms)[0m  [1mCREATE TABLE "students" ("id" INTEGER PRIMARY KEY AUTOINCREMENT NOT NULL, "first_name" varchar, "last_name" varchar, "created_at" datetime NOT NULL, "updated_at" datetime NOT NULL) [0m
  [1m[35mSQL (0.3ms)[0m  INSERT INTO "schema_migrations" ("version") VALUES (?)  [["version", "1"]]
  [1m[36m (1.4ms)[0m  [1mcommit transaction[0m
  [1m[35mActiveRecord::SchemaMigration Load (0.1ms)[0m  SELECT "schema_migrations".* FROM "schema_migrations"
  [1m[36m (0.1ms)[0m  [1mbegin transaction[0m
  [1m[35mSQL (0.3ms)[0m  INSERT INTO "students" ("first_name", "last_name", "created_at", "updated_at") VALUES (?, ?, ?, ?)  [["first_name", "Jordan"], ["last_name", "Hudgens"], ["created_at", "2015-11-18 00:10:55.545365"], ["updated_at", "2015-11-18 00:10:55.545365"]]
  [1m[36m (2.9ms)[0m  [1mcommit transaction[0m
  [1m[35mStudent Load (0.2ms)[0m  SELECT  "students".* FROM "students"  ORDER BY "students"."id" DESC LIMIT 1
  [1m[36m (0.1ms)[0m  [1mbegin transaction[0m
  [1m[35mSQL (0.3ms)[0m  INSERT INTO "students" ("created_at", "updated_at") VALUES (?, ?)  [["created_at", "2015-11-18 00:17:49.095449"], ["updated_at", "2015-11-18 00:17:49.095449"]]
  [1m[36m (1.2ms)[0m  [1mcommit transaction[0m
  [1m[35mStudent Load (0.2ms)[0m  SELECT  "students".* FROM "students"  ORDER BY "students"."id" DESC LIMIT 1
  [1m[36mActiveRecord::SchemaMigration Load (0.1ms)[0m  [1mSELECT "schema_migrations".* FROM "schema_migrations"[0m
  [1m[35mActiveRecord::SchemaMigration Load (0.1ms)[0m  SELECT "schema_migrations".* FROM "schema_migrations"


Started GET "/" for ::1 at 2015-11-18 13:36:42 -0600
  [1m[36mActiveRecord::SchemaMigration Load (0.1ms)[0m  [1mSELECT "schema_migrations".* FROM "schema_migrations"[0m
Processing by Rails::WelcomeController#index as HTML
  Rendered /Users/admin/.rvm/gems/ruby-2.1.2/gems/railties-4.2.3/lib/rails/templates/rails/welcome/index.html.erb (2.4ms)
Completed 200 OK in 39ms (Views: 24.5ms | ActiveRecord: 0.0ms)


Started GET "/" for ::1 at 2015-11-18 13:37:10 -0600
Processing by Rails::WelcomeController#index as HTML
  Rendered /Users/admin/.rvm/gems/ruby-2.1.2/gems/railties-4.2.3/lib/rails/templates/rails/welcome/index.html.erb (0.0ms)
Completed 200 OK in 1ms (Views: 0.7ms | ActiveRecord: 0.0ms)
  [1m[36mActiveRecord::SchemaMigration Load (0.5ms)[0m  [1mSELECT "schema_migrations".* FROM "schema_migrations"[0m
  [1m[35mActiveRecord::SchemaMigration Load (0.1ms)[0m  SELECT "schema_migrations".* FROM "schema_migrations"
  [1m[36mStudent Load (0.4ms)[0m  [1mSELECT  "students".* FROM "students"  ORDER BY "students"."id" DESC LIMIT 1[0m
  [1m[35mStudent Load (0.2ms)[0m  SELECT  "students".* FROM "students"  ORDER BY "students"."id" DESC LIMIT 1
  [1m[36m (0.1ms)[0m  [1mbegin transaction[0m
  [1m[35mSQL (0.6ms)[0m  DELETE FROM "students" WHERE "students"."id" = ?  [["id", 2]]
  [1m[36m (1.6ms)[0m  [1mcommit transaction[0m
  [1m[35mStudent Load (0.2ms)[0m  SELECT "students".* FROM "students"
  [1m[35m (1.8ms)[0m  [1m[35mCREATE TABLE "ar_internal_metadata" ("key" varchar NOT NULL PRIMARY KEY, "value" varchar, "created_at" datetime NOT NULL, "updated_at" datetime NOT NULL)[0m
  [1m[36mActiveRecord::SchemaMigration Load (0.1ms)[0m  [1m[34mSELECT "schema_migrations".* FROM "schema_migrations"[0m
Migrating to CreateSchoolClasses (20200119074636)
  [1m[35m (0.1ms)[0m  [1m[36mbegin transaction[0m
  [1m[35m (0.3ms)[0m  [1m[35mCREATE TABLE "school_classes" ("id" INTEGER PRIMARY KEY AUTOINCREMENT NOT NULL, "title" varchar, "room_number" integer, "created_at" datetime NOT NULL, "updated_at" datetime NOT NULL)[0m
  [1m[35mSQL (0.1ms)[0m  [1m[32mINSERT INTO "schema_migrations" ("version") VALUES (?)[0m  [["version", "20200119074636"]]
  [1m[35m (0.6ms)[0m  [1m[36mcommit transaction[0m
  [1m[36mActiveRecord::InternalMetadata Load (0.1ms)[0m  [1m[34mSELECT  "ar_internal_metadata".* FROM "ar_internal_metadata" WHERE "ar_internal_metadata"."key" = ? LIMIT ?[0m  [["key", "environment"], ["LIMIT", 1]]
  [1m[35m (0.0ms)[0m  [1m[36mbegin transaction[0m
  [1m[35mSQL (0.2ms)[0m  [1m[32mINSERT INTO "ar_internal_metadata" ("key", "value", "created_at", "updated_at") VALUES (?, ?, ?, ?)[0m  [["key", "environment"], ["value", "development"], ["created_at", "2020-01-19 07:49:00.466318"], ["updated_at", "2020-01-19 07:49:00.466318"]]
  [1m[35m (0.5ms)[0m  [1m[36mcommit transaction[0m
  [1m[36mActiveRecord::SchemaMigration Load (0.1ms)[0m  [1m[34mSELECT "schema_migrations".* FROM "schema_migrations"[0m
  [1m[35m (0.1ms)[0m  [1m[34mSELECT "schema_migrations"."version" FROM "schema_migrations"[0m
  [1m[36mActiveRecord::SchemaMigration Load (0.1ms)[0m  [1m[34mSELECT "schema_migrations".* FROM "schema_migrations"[0m
  [1m[36mStudent Load (1.2ms)[0m  [1m[34mSELECT "students".* FROM "students"[0m
  [1m[36mStudent Load (0.1ms)[0m  [1m[34mSELECT "students".* FROM "students"[0m
  [1m[36mActiveRecord::SchemaMigration Load (0.1ms)[0m  [1m[34mSELECT "schema_migrations".* FROM "schema_migrations"[0m
  [1m[36mActiveRecord::InternalMetadata Load (0.1ms)[0m  [1m[34mSELECT  "ar_internal_metadata".* FROM "ar_internal_metadata" WHERE "ar_internal_metadata"."key" = ? LIMIT ?[0m  [["key", "environment"], ["LIMIT", 1]]
  [1m[35m (0.0ms)[0m  [1m[36mbegin transaction[0m
  [1m[35m (0.0ms)[0m  [1m[36mcommit transaction[0m
  [1m[36mActiveRecord::SchemaMigration Load (0.0ms)[0m  [1m[34mSELECT "schema_migrations".* FROM "schema_migrations"[0m
  [1m[35m (0.1ms)[0m  [1m[34mSELECT "schema_migrations"."version" FROM "schema_migrations"[0m
Started GET "/" for ::1 at 2020-01-19 03:19:32 -0500
  [1m[36mActiveRecord::SchemaMigration Load (0.1ms)[0m  [1m[34mSELECT "schema_migrations".* FROM "schema_migrations"[0m
Processing by Rails::WelcomeController#index as HTML
  Parameters: {"internal"=>true}
  Rendering /Users/ap/.rvm/gems/ruby-2.6.1/gems/railties-5.0.7.1/lib/rails/templates/rails/welcome/index.html.erb
  Rendered /Users/ap/.rvm/gems/ruby-2.6.1/gems/railties-5.0.7.1/lib/rails/templates/rails/welcome/index.html.erb (2.6ms)
Completed 200 OK in 12ms (Views: 6.1ms | ActiveRecord: 0.0ms)


Started GET "/students" for ::1 at 2020-01-19 03:19:38 -0500
Processing by StudentsController#index as HTML
  Rendering students/index.html.erb within layouts/application
  [1m[36mStudent Load (0.1ms)[0m  [1m[34mSELECT "students".* FROM "students"[0m
  Rendered students/index.html.erb within layouts/application (9.0ms)
Completed 200 OK in 282ms (Views: 279.6ms | ActiveRecord: 0.6ms)


Started GET "/students/1" for ::1 at 2020-01-19 03:19:40 -0500
Processing by StudentsController#show as HTML
  Parameters: {"id"=>"1"}
  [1m[36mStudent Load (0.2ms)[0m  [1m[34mSELECT  "students".* FROM "students" WHERE "students"."id" = ? LIMIT ?[0m  [["id", 1], ["LIMIT", 1]]
  Rendering students/show.html.erb within layouts/application
  Rendered students/show.html.erb within layouts/application (0.4ms)
Completed 200 OK in 18ms (Views: 12.7ms | ActiveRecord: 0.2ms)


Started GET "/school_classes" for ::1 at 2020-01-19 03:19:51 -0500
Processing by SchoolClassesController#index as HTML
  Rendering school_classes/index.html.erb within layouts/application
  Rendered school_classes/index.html.erb within layouts/application (0.3ms)
Completed 500 Internal Server Error in 4ms (ActiveRecord: 0.0ms)


  
SyntaxError (/Users/ap/flatiron/mod2/rails-form_for-lab-nyc-web-120919/app/views/school_classes/index.html.erb:4: syntax error, unexpected class, expecting '|'
... @school_classes.each do |class| ;@output_buffer.safe_append...
...                          ^~~~~
/Users/ap/flatiron/mod2/rails-form_for-lab-nyc-web-120919/app/views/school_classes/index.html.erb:5: syntax error, unexpected '.'
..._buffer.append=( link_to class.title, school_class_path(clas...
...                              ^
/Users/ap/flatiron/mod2/rails-form_for-lab-nyc-web-120919/app/views/school_classes/index.html.erb:5: syntax error, unexpected ')'
...title, school_class_path(class) );@output_buffer.safe_append...
...                              ^
/Users/ap/flatiron/mod2/rails-form_for-lab-nyc-web-120919/app/views/school_classes/index.html.erb:6: syntax error, unexpected end, expecting ')'
...r.safe_append='   '.freeze; end ;@output_buffer.safe_append=...
...                            ^~~
/Users/ap/flatiron/mod2/rails-form_for-lab-nyc-web-120919/app/views/school_classes/index.html.erb:7: syntax error, unexpected ensure, expecting ')'
          ensure
          ^~~~~~
/Users/ap/flatiron/mod2/rails-form_for-lab-nyc-web-120919/app/views/school_classes/index.html.erb:9: syntax error, unexpected end, expecting ')'
          end
          ^~~):
  
app/views/school_classes/index.html.erb:4: syntax error, unexpected class, expecting '|'
app/views/school_classes/index.html.erb:5: syntax error, unexpected '.'
app/views/school_classes/index.html.erb:5: syntax error, unexpected ')'
app/views/school_classes/index.html.erb:6: syntax error, unexpected end, expecting ')'
app/views/school_classes/index.html.erb:7: syntax error, unexpected ensure, expecting ')'
app/views/school_classes/index.html.erb:9: syntax error, unexpected end, expecting ')'
  Rendering /Users/ap/.rvm/gems/ruby-2.6.1/gems/actionpack-5.0.7.1/lib/action_dispatch/middleware/templates/rescues/diagnostics.html.erb within rescues/layout
  Rendering /Users/ap/.rvm/gems/ruby-2.6.1/gems/actionpack-5.0.7.1/lib/action_dispatch/middleware/templates/rescues/_source.html.erb
  Rendered /Users/ap/.rvm/gems/ruby-2.6.1/gems/actionpack-5.0.7.1/lib/action_dispatch/middleware/templates/rescues/_source.html.erb (2.7ms)
  Rendering /Users/ap/.rvm/gems/ruby-2.6.1/gems/actionpack-5.0.7.1/lib/action_dispatch/middleware/templates/rescues/_trace.html.erb
  Rendered /Users/ap/.rvm/gems/ruby-2.6.1/gems/actionpack-5.0.7.1/lib/action_dispatch/middleware/templates/rescues/_trace.html.erb (1.1ms)
  Rendering /Users/ap/.rvm/gems/ruby-2.6.1/gems/actionpack-5.0.7.1/lib/action_dispatch/middleware/templates/rescues/_request_and_response.html.erb
  Rendered /Users/ap/.rvm/gems/ruby-2.6.1/gems/actionpack-5.0.7.1/lib/action_dispatch/middleware/templates/rescues/_request_and_response.html.erb (0.5ms)
  Rendered /Users/ap/.rvm/gems/ruby-2.6.1/gems/actionpack-5.0.7.1/lib/action_dispatch/middleware/templates/rescues/diagnostics.html.erb within rescues/layout (20.8ms)
Started GET "/school_classes" for ::1 at 2020-01-19 03:22:40 -0500
Processing by SchoolClassesController#index as HTML
  Rendering school_classes/index.html.erb within layouts/application
  Rendered school_classes/index.html.erb within layouts/application (0.3ms)
Completed 500 Internal Server Error in 3ms (ActiveRecord: 0.0ms)


  
SyntaxError (/Users/ap/flatiron/mod2/rails-form_for-lab-nyc-web-120919/app/views/school_classes/index.html.erb:4: syntax error, unexpected class, expecting '|'
... @school_classes.each do |class| ;@output_buffer.safe_append...
...                          ^~~~~
/Users/ap/flatiron/mod2/rails-form_for-lab-nyc-web-120919/app/views/school_classes/index.html.erb:5: syntax error, unexpected '.'
..._buffer.append=( link_to class.title, school_class_path(clas...
...                              ^
/Users/ap/flatiron/mod2/rails-form_for-lab-nyc-web-120919/app/views/school_classes/index.html.erb:5: syntax error, unexpected ')'
...title, school_class_path(class) );@output_buffer.safe_append...
...                              ^
/Users/ap/flatiron/mod2/rails-form_for-lab-nyc-web-120919/app/views/school_classes/index.html.erb:6: syntax error, unexpected end, expecting ')'
...r.safe_append='   '.freeze; end ;@output_buffer.safe_append=...
...                            ^~~
/Users/ap/flatiron/mod2/rails-form_for-lab-nyc-web-120919/app/views/school_classes/index.html.erb:7: syntax error, unexpected ensure, expecting ')'
          ensure
          ^~~~~~
/Users/ap/flatiron/mod2/rails-form_for-lab-nyc-web-120919/app/views/school_classes/index.html.erb:9: syntax error, unexpected end, expecting ')'
          end
          ^~~):
  
app/views/school_classes/index.html.erb:4: syntax error, unexpected class, expecting '|'
app/views/school_classes/index.html.erb:5: syntax error, unexpected '.'
app/views/school_classes/index.html.erb:5: syntax error, unexpected ')'
app/views/school_classes/index.html.erb:6: syntax error, unexpected end, expecting ')'
app/views/school_classes/index.html.erb:7: syntax error, unexpected ensure, expecting ')'
app/views/school_classes/index.html.erb:9: syntax error, unexpected end, expecting ')'
  Rendering /Users/ap/.rvm/gems/ruby-2.6.1/gems/actionpack-5.0.7.1/lib/action_dispatch/middleware/templates/rescues/diagnostics.html.erb within rescues/layout
  Rendering /Users/ap/.rvm/gems/ruby-2.6.1/gems/actionpack-5.0.7.1/lib/action_dispatch/middleware/templates/rescues/_source.html.erb
  Rendered /Users/ap/.rvm/gems/ruby-2.6.1/gems/actionpack-5.0.7.1/lib/action_dispatch/middleware/templates/rescues/_source.html.erb (2.6ms)
  Rendering /Users/ap/.rvm/gems/ruby-2.6.1/gems/actionpack-5.0.7.1/lib/action_dispatch/middleware/templates/rescues/_trace.html.erb
  Rendered /Users/ap/.rvm/gems/ruby-2.6.1/gems/actionpack-5.0.7.1/lib/action_dispatch/middleware/templates/rescues/_trace.html.erb (1.4ms)
  Rendering /Users/ap/.rvm/gems/ruby-2.6.1/gems/actionpack-5.0.7.1/lib/action_dispatch/middleware/templates/rescues/_request_and_response.html.erb
  Rendered /Users/ap/.rvm/gems/ruby-2.6.1/gems/actionpack-5.0.7.1/lib/action_dispatch/middleware/templates/rescues/_request_and_response.html.erb (0.5ms)
  Rendered /Users/ap/.rvm/gems/ruby-2.6.1/gems/actionpack-5.0.7.1/lib/action_dispatch/middleware/templates/rescues/diagnostics.html.erb within rescues/layout (15.5ms)
Started GET "/school_classes" for ::1 at 2020-01-19 03:22:51 -0500
Processing by SchoolClassesController#index as HTML
  Rendering school_classes/index.html.erb within layouts/application
  Rendered school_classes/index.html.erb within layouts/application (0.3ms)
Completed 500 Internal Server Error in 4ms (ActiveRecord: 0.0ms)


  
SyntaxError (/Users/ap/flatiron/mod2/rails-form_for-lab-nyc-web-120919/app/views/school_classes/index.html.erb:4: syntax error, unexpected class, expecting '|'
...; @schoolclasses.each do |class| ;@output_buffer.safe_append...
...                          ^~~~~
/Users/ap/flatiron/mod2/rails-form_for-lab-nyc-web-120919/app/views/school_classes/index.html.erb:5: syntax error, unexpected '.'
..._buffer.append=( link_to class.title, school_class_path(clas...
...                              ^
/Users/ap/flatiron/mod2/rails-form_for-lab-nyc-web-120919/app/views/school_classes/index.html.erb:5: syntax error, unexpected ')'
...title, school_class_path(class) );@output_buffer.safe_append...
...                              ^
/Users/ap/flatiron/mod2/rails-form_for-lab-nyc-web-120919/app/views/school_classes/index.html.erb:6: syntax error, unexpected end, expecting ')'
...r.safe_append='   '.freeze; end ;@output_buffer.safe_append=...
...                            ^~~
/Users/ap/flatiron/mod2/rails-form_for-lab-nyc-web-120919/app/views/school_classes/index.html.erb:7: syntax error, unexpected ensure, expecting ')'
          ensure
          ^~~~~~
/Users/ap/flatiron/mod2/rails-form_for-lab-nyc-web-120919/app/views/school_classes/index.html.erb:9: syntax error, unexpected end, expecting ')'
          end
          ^~~):
  
app/views/school_classes/index.html.erb:4: syntax error, unexpected class, expecting '|'
app/views/school_classes/index.html.erb:5: syntax error, unexpected '.'
app/views/school_classes/index.html.erb:5: syntax error, unexpected ')'
app/views/school_classes/index.html.erb:6: syntax error, unexpected end, expecting ')'
app/views/school_classes/index.html.erb:7: syntax error, unexpected ensure, expecting ')'
app/views/school_classes/index.html.erb:9: syntax error, unexpected end, expecting ')'
  Rendering /Users/ap/.rvm/gems/ruby-2.6.1/gems/actionpack-5.0.7.1/lib/action_dispatch/middleware/templates/rescues/diagnostics.html.erb within rescues/layout
  Rendering /Users/ap/.rvm/gems/ruby-2.6.1/gems/actionpack-5.0.7.1/lib/action_dispatch/middleware/templates/rescues/_source.html.erb
  Rendered /Users/ap/.rvm/gems/ruby-2.6.1/gems/actionpack-5.0.7.1/lib/action_dispatch/middleware/templates/rescues/_source.html.erb (2.6ms)
  Rendering /Users/ap/.rvm/gems/ruby-2.6.1/gems/actionpack-5.0.7.1/lib/action_dispatch/middleware/templates/rescues/_trace.html.erb
  Rendered /Users/ap/.rvm/gems/ruby-2.6.1/gems/actionpack-5.0.7.1/lib/action_dispatch/middleware/templates/rescues/_trace.html.erb (1.2ms)
  Rendering /Users/ap/.rvm/gems/ruby-2.6.1/gems/actionpack-5.0.7.1/lib/action_dispatch/middleware/templates/rescues/_request_and_response.html.erb
  Rendered /Users/ap/.rvm/gems/ruby-2.6.1/gems/actionpack-5.0.7.1/lib/action_dispatch/middleware/templates/rescues/_request_and_response.html.erb (0.4ms)
  Rendered /Users/ap/.rvm/gems/ruby-2.6.1/gems/actionpack-5.0.7.1/lib/action_dispatch/middleware/templates/rescues/diagnostics.html.erb within rescues/layout (14.5ms)
Started GET "/school_classes" for ::1 at 2020-01-19 03:22:52 -0500
Processing by SchoolClassesController#index as HTML
  Rendering school_classes/index.html.erb within layouts/application
  Rendered school_classes/index.html.erb within layouts/application (0.3ms)
Completed 500 Internal Server Error in 2ms (ActiveRecord: 0.0ms)


  
SyntaxError (/Users/ap/flatiron/mod2/rails-form_for-lab-nyc-web-120919/app/views/school_classes/index.html.erb:4: syntax error, unexpected class, expecting '|'
...; @schoolclasses.each do |class| ;@output_buffer.safe_append...
...                          ^~~~~
/Users/ap/flatiron/mod2/rails-form_for-lab-nyc-web-120919/app/views/school_classes/index.html.erb:5: syntax error, unexpected '.'
..._buffer.append=( link_to class.title, school_class_path(clas...
...                              ^
/Users/ap/flatiron/mod2/rails-form_for-lab-nyc-web-120919/app/views/school_classes/index.html.erb:5: syntax error, unexpected ')'
...title, school_class_path(class) );@output_buffer.safe_append...
...                              ^
/Users/ap/flatiron/mod2/rails-form_for-lab-nyc-web-120919/app/views/school_classes/index.html.erb:6: syntax error, unexpected end, expecting ')'
...r.safe_append='   '.freeze; end ;@output_buffer.safe_append=...
...                            ^~~
/Users/ap/flatiron/mod2/rails-form_for-lab-nyc-web-120919/app/views/school_classes/index.html.erb:7: syntax error, unexpected ensure, expecting ')'
          ensure
          ^~~~~~
/Users/ap/flatiron/mod2/rails-form_for-lab-nyc-web-120919/app/views/school_classes/index.html.erb:9: syntax error, unexpected end, expecting ')'
          end
          ^~~):
  
app/views/school_classes/index.html.erb:4: syntax error, unexpected class, expecting '|'
app/views/school_classes/index.html.erb:5: syntax error, unexpected '.'
app/views/school_classes/index.html.erb:5: syntax error, unexpected ')'
app/views/school_classes/index.html.erb:6: syntax error, unexpected end, expecting ')'
app/views/school_classes/index.html.erb:7: syntax error, unexpected ensure, expecting ')'
app/views/school_classes/index.html.erb:9: syntax error, unexpected end, expecting ')'
  Rendering /Users/ap/.rvm/gems/ruby-2.6.1/gems/actionpack-5.0.7.1/lib/action_dispatch/middleware/templates/rescues/diagnostics.html.erb within rescues/layout
  Rendering /Users/ap/.rvm/gems/ruby-2.6.1/gems/actionpack-5.0.7.1/lib/action_dispatch/middleware/templates/rescues/_source.html.erb
  Rendered /Users/ap/.rvm/gems/ruby-2.6.1/gems/actionpack-5.0.7.1/lib/action_dispatch/middleware/templates/rescues/_source.html.erb (2.5ms)
  Rendering /Users/ap/.rvm/gems/ruby-2.6.1/gems/actionpack-5.0.7.1/lib/action_dispatch/middleware/templates/rescues/_trace.html.erb
  Rendered /Users/ap/.rvm/gems/ruby-2.6.1/gems/actionpack-5.0.7.1/lib/action_dispatch/middleware/templates/rescues/_trace.html.erb (1.2ms)
  Rendering /Users/ap/.rvm/gems/ruby-2.6.1/gems/actionpack-5.0.7.1/lib/action_dispatch/middleware/templates/rescues/_request_and_response.html.erb
  Rendered /Users/ap/.rvm/gems/ruby-2.6.1/gems/actionpack-5.0.7.1/lib/action_dispatch/middleware/templates/rescues/_request_and_response.html.erb (0.5ms)
  Rendered /Users/ap/.rvm/gems/ruby-2.6.1/gems/actionpack-5.0.7.1/lib/action_dispatch/middleware/templates/rescues/diagnostics.html.erb within rescues/layout (14.9ms)
Started GET "/school_classes" for ::1 at 2020-01-19 03:24:06 -0500
Processing by SchoolClassesController#index as HTML
  Rendering school_classes/index.html.erb within layouts/application
  Rendered school_classes/index.html.erb within layouts/application (0.3ms)
Completed 500 Internal Server Error in 4ms (ActiveRecord: 0.0ms)


  
SyntaxError (/Users/ap/flatiron/mod2/rails-form_for-lab-nyc-web-120919/app/views/school_classes/index.html.erb:4: syntax error, unexpected class, expecting '|'
... @school_classes.each do |class| ;@output_buffer.safe_append...
...                          ^~~~~
/Users/ap/flatiron/mod2/rails-form_for-lab-nyc-web-120919/app/views/school_classes/index.html.erb:5: syntax error, unexpected '.'
..._buffer.append=( link_to class.title, school_class_path(clas...
...                              ^
/Users/ap/flatiron/mod2/rails-form_for-lab-nyc-web-120919/app/views/school_classes/index.html.erb:5: syntax error, unexpected ')'
...title, school_class_path(class) );@output_buffer.safe_append...
...                              ^
/Users/ap/flatiron/mod2/rails-form_for-lab-nyc-web-120919/app/views/school_classes/index.html.erb:6: syntax error, unexpected end, expecting ')'
...r.safe_append='   '.freeze; end ;@output_buffer.safe_append=...
...                            ^~~
/Users/ap/flatiron/mod2/rails-form_for-lab-nyc-web-120919/app/views/school_classes/index.html.erb:7: syntax error, unexpected ensure, expecting ')'
          ensure
          ^~~~~~
/Users/ap/flatiron/mod2/rails-form_for-lab-nyc-web-120919/app/views/school_classes/index.html.erb:9: syntax error, unexpected end, expecting ')'
          end
          ^~~):
  
app/views/school_classes/index.html.erb:4: syntax error, unexpected class, expecting '|'
app/views/school_classes/index.html.erb:5: syntax error, unexpected '.'
app/views/school_classes/index.html.erb:5: syntax error, unexpected ')'
app/views/school_classes/index.html.erb:6: syntax error, unexpected end, expecting ')'
app/views/school_classes/index.html.erb:7: syntax error, unexpected ensure, expecting ')'
app/views/school_classes/index.html.erb:9: syntax error, unexpected end, expecting ')'
  Rendering /Users/ap/.rvm/gems/ruby-2.6.1/gems/actionpack-5.0.7.1/lib/action_dispatch/middleware/templates/rescues/diagnostics.html.erb within rescues/layout
  Rendering /Users/ap/.rvm/gems/ruby-2.6.1/gems/actionpack-5.0.7.1/lib/action_dispatch/middleware/templates/rescues/_source.html.erb
  Rendered /Users/ap/.rvm/gems/ruby-2.6.1/gems/actionpack-5.0.7.1/lib/action_dispatch/middleware/templates/rescues/_source.html.erb (2.5ms)
  Rendering /Users/ap/.rvm/gems/ruby-2.6.1/gems/actionpack-5.0.7.1/lib/action_dispatch/middleware/templates/rescues/_trace.html.erb
  Rendered /Users/ap/.rvm/gems/ruby-2.6.1/gems/actionpack-5.0.7.1/lib/action_dispatch/middleware/templates/rescues/_trace.html.erb (1.1ms)
  Rendering /Users/ap/.rvm/gems/ruby-2.6.1/gems/actionpack-5.0.7.1/lib/action_dispatch/middleware/templates/rescues/_request_and_response.html.erb
  Rendered /Users/ap/.rvm/gems/ruby-2.6.1/gems/actionpack-5.0.7.1/lib/action_dispatch/middleware/templates/rescues/_request_and_response.html.erb (0.4ms)
  Rendered /Users/ap/.rvm/gems/ruby-2.6.1/gems/actionpack-5.0.7.1/lib/action_dispatch/middleware/templates/rescues/diagnostics.html.erb within rescues/layout (14.5ms)
  [1m[36mSchoolClass Load (1.1ms)[0m  [1m[34mSELECT "school_classes".* FROM "school_classes"[0m
  [1m[36mSchoolClass Load (0.1ms)[0m  [1m[34mSELECT "school_classes".* FROM "school_classes"[0m
  [1m[35m (0.0ms)[0m  [1m[36mbegin transaction[0m
  [1m[35mSQL (0.4ms)[0m  [1m[32mINSERT INTO "school_classes" ("title", "room_number", "created_at", "updated_at") VALUES (?, ?, ?, ?)[0m  [["title", "Yoga"], ["room_number", 3], ["created_at", "2020-01-19 08:25:25.766998"], ["updated_at", "2020-01-19 08:25:25.766998"]]
  [1m[35m (1.0ms)[0m  [1m[36mcommit transaction[0m
  [1m[36mSchoolClass Load (0.1ms)[0m  [1m[34mSELECT "school_classes".* FROM "school_classes"[0m
Started GET "/school_classes" for ::1 at 2020-01-19 03:25:43 -0500
  [1m[36mActiveRecord::SchemaMigration Load (0.1ms)[0m  [1m[34mSELECT "schema_migrations".* FROM "schema_migrations"[0m
Processing by SchoolClassesController#index as HTML
  Rendering school_classes/index.html.erb within layouts/application
  Rendered school_classes/index.html.erb within layouts/application (0.3ms)
Completed 500 Internal Server Error in 13ms (ActiveRecord: 0.0ms)


  
SyntaxError (/Users/ap/flatiron/mod2/rails-form_for-lab-nyc-web-120919/app/views/school_classes/index.html.erb:4: syntax error, unexpected class, expecting '|'
... @school_classes.each do |class| ;@output_buffer.safe_append...
...                          ^~~~~
/Users/ap/flatiron/mod2/rails-form_for-lab-nyc-web-120919/app/views/school_classes/index.html.erb:5: syntax error, unexpected '.'
..._buffer.append=( link_to class.title, school_class_path(clas...
...                              ^
/Users/ap/flatiron/mod2/rails-form_for-lab-nyc-web-120919/app/views/school_classes/index.html.erb:5: syntax error, unexpected ')'
...title, school_class_path(class) );@output_buffer.safe_append...
...                              ^
/Users/ap/flatiron/mod2/rails-form_for-lab-nyc-web-120919/app/views/school_classes/index.html.erb:6: syntax error, unexpected end, expecting ')'
...r.safe_append='   '.freeze; end ;@output_buffer.safe_append=...
...                            ^~~
/Users/ap/flatiron/mod2/rails-form_for-lab-nyc-web-120919/app/views/school_classes/index.html.erb:7: syntax error, unexpected ensure, expecting ')'
          ensure
          ^~~~~~
/Users/ap/flatiron/mod2/rails-form_for-lab-nyc-web-120919/app/views/school_classes/index.html.erb:9: syntax error, unexpected end, expecting ')'
          end
          ^~~):
  
app/views/school_classes/index.html.erb:4: syntax error, unexpected class, expecting '|'
app/views/school_classes/index.html.erb:5: syntax error, unexpected '.'
app/views/school_classes/index.html.erb:5: syntax error, unexpected ')'
app/views/school_classes/index.html.erb:6: syntax error, unexpected end, expecting ')'
app/views/school_classes/index.html.erb:7: syntax error, unexpected ensure, expecting ')'
app/views/school_classes/index.html.erb:9: syntax error, unexpected end, expecting ')'
  Rendering /Users/ap/.rvm/gems/ruby-2.6.1/gems/actionpack-5.0.7.1/lib/action_dispatch/middleware/templates/rescues/diagnostics.html.erb within rescues/layout
  Rendering /Users/ap/.rvm/gems/ruby-2.6.1/gems/actionpack-5.0.7.1/lib/action_dispatch/middleware/templates/rescues/_source.html.erb
  Rendered /Users/ap/.rvm/gems/ruby-2.6.1/gems/actionpack-5.0.7.1/lib/action_dispatch/middleware/templates/rescues/_source.html.erb (2.4ms)
  Rendering /Users/ap/.rvm/gems/ruby-2.6.1/gems/actionpack-5.0.7.1/lib/action_dispatch/middleware/templates/rescues/_trace.html.erb
  Rendered /Users/ap/.rvm/gems/ruby-2.6.1/gems/actionpack-5.0.7.1/lib/action_dispatch/middleware/templates/rescues/_trace.html.erb (1.3ms)
  Rendering /Users/ap/.rvm/gems/ruby-2.6.1/gems/actionpack-5.0.7.1/lib/action_dispatch/middleware/templates/rescues/_request_and_response.html.erb
  Rendered /Users/ap/.rvm/gems/ruby-2.6.1/gems/actionpack-5.0.7.1/lib/action_dispatch/middleware/templates/rescues/_request_and_response.html.erb (0.6ms)
  Rendered /Users/ap/.rvm/gems/ruby-2.6.1/gems/actionpack-5.0.7.1/lib/action_dispatch/middleware/templates/rescues/diagnostics.html.erb within rescues/layout (18.6ms)
Started GET "/school_classes" for ::1 at 2020-01-19 03:27:18 -0500
Processing by SchoolClassesController#index as HTML
  Rendering school_classes/index.html.erb within layouts/application
  [1m[36mSchoolClass Load (0.3ms)[0m  [1m[34mSELECT "school_classes".* FROM "school_classes"[0m
  Rendered school_classes/index.html.erb within layouts/application (5.3ms)
Completed 200 OK in 188ms (Views: 185.8ms | ActiveRecord: 0.7ms)


Started GET "/school_classes/1" for ::1 at 2020-01-19 03:27:20 -0500
Processing by SchoolClassesController#show as HTML
  Parameters: {"id"=>"1"}
  [1m[36mSchoolClass Load (0.3ms)[0m  [1m[34mSELECT  "school_classes".* FROM "school_classes" WHERE "school_classes"."id" = ? LIMIT ?[0m  [["id", 1], ["LIMIT", 1]]
  Rendering school_classes/show.html.erb within layouts/application
  Rendered school_classes/show.html.erb within layouts/application (0.4ms)
Completed 200 OK in 14ms (Views: 9.5ms | ActiveRecord: 0.3ms)


Started GET "/school_classes/1" for ::1 at 2020-01-19 03:31:36 -0500
  [1m[36mActiveRecord::SchemaMigration Load (0.1ms)[0m  [1m[34mSELECT "schema_migrations".* FROM "schema_migrations"[0m
Processing by SchoolClassesController#show as HTML
  Parameters: {"id"=>"1"}
  [1m[36mSchoolClass Load (0.1ms)[0m  [1m[34mSELECT  "school_classes".* FROM "school_classes" WHERE "school_classes"."id" = ? LIMIT ?[0m  [["id", 1], ["LIMIT", 1]]
  Rendering school_classes/show.html.erb within layouts/application
  Rendered school_classes/show.html.erb within layouts/application (1.2ms)
Completed 200 OK in 192ms (Views: 180.9ms | ActiveRecord: 0.4ms)


Started GET "/students/1" for ::1 at 2020-01-19 03:31:43 -0500
Processing by StudentsController#show as HTML
  Parameters: {"id"=>"1"}
  [1m[36mStudent Load (0.1ms)[0m  [1m[34mSELECT  "students".* FROM "students" WHERE "students"."id" = ? LIMIT ?[0m  [["id", 1], ["LIMIT", 1]]
  Rendering students/show.html.erb within layouts/application
  Rendered students/show.html.erb within layouts/application (0.4ms)
Completed 200 OK in 15ms (Views: 8.9ms | ActiveRecord: 0.4ms)


Started GET "/students/new" for ::1 at 2020-01-19 03:33:28 -0500
Processing by StudentsController#new as HTML
  Rendering students/new.html.erb within layouts/application
  Rendered students/new.html.erb within layouts/application (9.3ms)
Completed 200 OK in 21ms (Views: 19.5ms | ActiveRecord: 0.0ms)


Started GET "/students/new" for ::1 at 2020-01-19 03:33:38 -0500
Processing by StudentsController#new as HTML
  Rendering students/new.html.erb within layouts/application
  Rendered students/new.html.erb within layouts/application (1.4ms)
Completed 200 OK in 11ms (Views: 10.2ms | ActiveRecord: 0.0ms)


Started GET "/students/new" for ::1 at 2020-01-19 03:33:44 -0500
Processing by StudentsController#new as HTML
  Rendering students/new.html.erb within layouts/application
  Rendered students/new.html.erb within layouts/application (1.3ms)
Completed 200 OK in 11ms (Views: 10.1ms | ActiveRecord: 0.0ms)


Started POST "/students" for ::1 at 2020-01-19 03:33:54 -0500
Processing by StudentsController#create as HTML
  Parameters: {"utf8"=>"✓", "authenticity_token"=>"5WICKB9FQ9Ek4XCuyNFteTXUGdwpy1maWp3R0j3w32pqdy1VWBwGsCYfwhI3e0nDIzCW02N66JtjVJsapsjX0g==", "student"=>{"first_name"=>"Morgan", "last_name"=>"Lopes"}, "commit"=>"Create Student"}
  [1m[35m (0.1ms)[0m  [1m[36mbegin transaction[0m
  [1m[35mSQL (0.5ms)[0m  [1m[32mINSERT INTO "students" ("first_name", "last_name", "created_at", "updated_at") VALUES (?, ?, ?, ?)[0m  [["first_name", "Morgan"], ["last_name", "Lopes"], ["created_at", "2020-01-19 08:33:54.189605"], ["updated_at", "2020-01-19 08:33:54.189605"]]
  [1m[35m (0.6ms)[0m  [1m[36mcommit transaction[0m
Redirected to http://localhost:3000/students/3
Completed 302 Found in 4ms (ActiveRecord: 1.2ms)


Started GET "/students/3" for ::1 at 2020-01-19 03:33:54 -0500
Processing by StudentsController#show as HTML
  Parameters: {"id"=>"3"}
  [1m[36mStudent Load (0.1ms)[0m  [1m[34mSELECT  "students".* FROM "students" WHERE "students"."id" = ? LIMIT ?[0m  [["id", 3], ["LIMIT", 1]]
  Rendering students/show.html.erb within layouts/application
  Rendered students/show.html.erb within layouts/application (0.4ms)
Completed 200 OK in 12ms (Views: 10.3ms | ActiveRecord: 0.1ms)


Started GET "/school_classes" for ::1 at 2020-01-19 03:35:17 -0500
Processing by SchoolClassesController#index as HTML
  Rendering school_classes/index.html.erb within layouts/application
  [1m[36mSchoolClass Load (0.1ms)[0m  [1m[34mSELECT "school_classes".* FROM "school_classes"[0m
  Rendered school_classes/index.html.erb within layouts/application (0.9ms)
Completed 200 OK in 16ms (Views: 14.6ms | ActiveRecord: 0.1ms)


Started GET "/school_classes/1" for ::1 at 2020-01-19 03:35:20 -0500
Processing by SchoolClassesController#show as HTML
  Parameters: {"id"=>"1"}
  [1m[36mSchoolClass Load (0.1ms)[0m  [1m[34mSELECT  "school_classes".* FROM "school_classes" WHERE "school_classes"."id" = ? LIMIT ?[0m  [["id", 1], ["LIMIT", 1]]
  Rendering school_classes/show.html.erb within layouts/application
  Rendered school_classes/show.html.erb within layouts/application (0.4ms)
Completed 200 OK in 13ms (Views: 11.4ms | ActiveRecord: 0.1ms)


Started GET "/school_classes/new" for ::1 at 2020-01-19 03:35:24 -0500
Processing by SchoolClassesController#new as HTML
  Rendering school_classes/new.html.erb within layouts/application
  Rendered school_classes/new.html.erb within layouts/application (4.0ms)
Completed 200 OK in 15ms (Views: 14.4ms | ActiveRecord: 0.0ms)


Started POST "/school_classes" for ::1 at 2020-01-19 03:35:37 -0500
Processing by SchoolClassesController#create as HTML
  Parameters: {"utf8"=>"✓", "authenticity_token"=>"OluRNSnPorevITyiLMR3OTxAUCV1+0ZuYnQVbmrnIoK1Tr5Ibpbn1q3fjh7TblODKqTfKj9K929bvV+m8d8qOg==", "school_class"=>{"title"=>"Math", "room_number"=>"55"}, "commit"=>"Create School class"}
  [1m[35m (0.0ms)[0m  [1m[36mbegin transaction[0m
  [1m[35mSQL (0.4ms)[0m  [1m[32mINSERT INTO "school_classes" ("title", "room_number", "created_at", "updated_at") VALUES (?, ?, ?, ?)[0m  [["title", "Math"], ["room_number", 55], ["created_at", "2020-01-19 08:35:37.265943"], ["updated_at", "2020-01-19 08:35:37.265943"]]
  [1m[35m (0.8ms)[0m  [1m[36mcommit transaction[0m
Redirected to http://localhost:3000/school_classes/2
Completed 302 Found in 3ms (ActiveRecord: 1.2ms)


Started GET "/school_classes/2" for ::1 at 2020-01-19 03:35:37 -0500
Processing by SchoolClassesController#show as HTML
  Parameters: {"id"=>"2"}
  [1m[36mSchoolClass Load (0.1ms)[0m  [1m[34mSELECT  "school_classes".* FROM "school_classes" WHERE "school_classes"."id" = ? LIMIT ?[0m  [["id", 2], ["LIMIT", 1]]
  Rendering school_classes/show.html.erb within layouts/application
  Rendered school_classes/show.html.erb within layouts/application (0.5ms)
Completed 200 OK in 11ms (Views: 9.4ms | ActiveRecord: 0.1ms)


Started GET "/school_classes" for ::1 at 2020-01-19 03:35:41 -0500
Processing by SchoolClassesController#index as HTML
  Rendering school_classes/index.html.erb within layouts/application
  [1m[36mSchoolClass Load (0.2ms)[0m  [1m[34mSELECT "school_classes".* FROM "school_classes"[0m
  Rendered school_classes/index.html.erb within layouts/application (1.3ms)
Completed 200 OK in 12ms (Views: 10.6ms | ActiveRecord: 0.2ms)


Started GET "/school_classes/1" for ::1 at 2020-01-19 03:36:20 -0500
Processing by SchoolClassesController#show as HTML
  Parameters: {"id"=>"1"}
  [1m[36mSchoolClass Load (0.2ms)[0m  [1m[34mSELECT  "school_classes".* FROM "school_classes" WHERE "school_classes"."id" = ? LIMIT ?[0m  [["id", 1], ["LIMIT", 1]]
  Rendering school_classes/show.html.erb within layouts/application
  Rendered school_classes/show.html.erb within layouts/application (0.4ms)
Completed 200 OK in 12ms (Views: 10.0ms | ActiveRecord: 0.2ms)


Started GET "/school_classes/1/edit" for ::1 at 2020-01-19 03:36:25 -0500
Processing by SchoolClassesController#edit as HTML
  Parameters: {"id"=>"1"}
  [1m[36mSchoolClass Load (0.1ms)[0m  [1m[34mSELECT  "school_classes".* FROM "school_classes" WHERE "school_classes"."id" = ? LIMIT ?[0m  [["id", 1], ["LIMIT", 1]]
  Rendering school_classes/edit.html.erb within layouts/application
  Rendered school_classes/edit.html.erb within layouts/application (1.2ms)
Completed 200 OK in 11ms (Views: 9.9ms | ActiveRecord: 0.1ms)


Started PATCH "/school_classes/1" for ::1 at 2020-01-19 03:36:30 -0500
Processing by SchoolClassesController#update as HTML
  Parameters: {"utf8"=>"✓", "authenticity_token"=>"3ju/Oq+vtwr3/ezp4So6P6WfVRVS2uL2NxBUir0R1NdRLpBH6Pbya/UDXlUegB6Fs3vaGhhrU/cO2R5CJincbw==", "school_class"=>{"title"=>"Yoga", "room_number"=>"5"}, "commit"=>"Update School class", "id"=>"1"}
  [1m[36mSchoolClass Load (0.1ms)[0m  [1m[34mSELECT  "school_classes".* FROM "school_classes" WHERE "school_classes"."id" = ? LIMIT ?[0m  [["id", 1], ["LIMIT", 1]]
  [1m[35m (0.0ms)[0m  [1m[36mbegin transaction[0m
  [1m[35mSQL (0.7ms)[0m  [1m[33mUPDATE "school_classes" SET "room_number" = ?, "updated_at" = ? WHERE "school_classes"."id" = ?[0m  [["room_number", 5], ["updated_at", "2020-01-19 08:36:30.927567"], ["id", 1]]
  [1m[35m (1.0ms)[0m  [1m[36mcommit transaction[0m
Redirected to http://localhost:3000/school_classes/1
Completed 302 Found in 5ms (ActiveRecord: 1.8ms)


Started GET "/school_classes/1" for ::1 at 2020-01-19 03:36:30 -0500
Processing by SchoolClassesController#show as HTML
  Parameters: {"id"=>"1"}
  [1m[36mSchoolClass Load (0.1ms)[0m  [1m[34mSELECT  "school_classes".* FROM "school_classes" WHERE "school_classes"."id" = ? LIMIT ?[0m  [["id", 1], ["LIMIT", 1]]
  Rendering school_classes/show.html.erb within layouts/application
  Rendered school_classes/show.html.erb within layouts/application (0.5ms)
Completed 200 OK in 12ms (Views: 10.9ms | ActiveRecord: 0.1ms)


Started GET "/school_classes" for ::1 at 2020-01-19 03:36:40 -0500
Processing by SchoolClassesController#index as HTML
  Rendering school_classes/index.html.erb within layouts/application
  [1m[36mSchoolClass Load (0.2ms)[0m  [1m[34mSELECT "school_classes".* FROM "school_classes"[0m
  Rendered school_classes/index.html.erb within layouts/application (1.1ms)
Completed 200 OK in 11ms (Views: 9.8ms | ActiveRecord: 0.2ms)


Started GET "/school_classes/2" for ::1 at 2020-01-19 03:36:42 -0500
Processing by SchoolClassesController#show as HTML
  Parameters: {"id"=>"2"}
  [1m[36mSchoolClass Load (0.1ms)[0m  [1m[34mSELECT  "school_classes".* FROM "school_classes" WHERE "school_classes"."id" = ? LIMIT ?[0m  [["id", 2], ["LIMIT", 1]]
  Rendering school_classes/show.html.erb within layouts/application
  Rendered school_classes/show.html.erb within layouts/application (0.4ms)
Completed 200 OK in 33ms (Views: 31.6ms | ActiveRecord: 0.1ms)


Started GET "/school_classes/2/edit" for ::1 at 2020-01-19 03:36:46 -0500
Processing by SchoolClassesController#edit as HTML
  Parameters: {"id"=>"2"}
  [1m[36mSchoolClass Load (0.1ms)[0m  [1m[34mSELECT  "school_classes".* FROM "school_classes" WHERE "school_classes"."id" = ? LIMIT ?[0m  [["id", 2], ["LIMIT", 1]]
  Rendering school_classes/edit.html.erb within layouts/application
  Rendered school_classes/edit.html.erb within layouts/application (1.9ms)
Completed 200 OK in 12ms (Views: 10.6ms | ActiveRecord: 0.1ms)


Started PATCH "/school_classes/2" for ::1 at 2020-01-19 03:36:51 -0500
Processing by SchoolClassesController#update as HTML
  Parameters: {"utf8"=>"✓", "authenticity_token"=>"MM0woBi4KqqmhVDDZCXl7Yw0JEaTirI/R1ofUMu85vK/2B/dX+Fvy6R74n+bj8FXmtCrSdk7Az5+k1WYUITuSg==", "school_class"=>{"title"=>"Math", "room_number"=>"9"}, "commit"=>"Update School class", "id"=>"2"}
  [1m[36mSchoolClass Load (0.1ms)[0m  [1m[34mSELECT  "school_classes".* FROM "school_classes" WHERE "school_classes"."id" = ? LIMIT ?[0m  [["id", 2], ["LIMIT", 1]]
  [1m[35m (0.0ms)[0m  [1m[36mbegin transaction[0m
  [1m[35mSQL (0.3ms)[0m  [1m[33mUPDATE "school_classes" SET "room_number" = ?, "updated_at" = ? WHERE "school_classes"."id" = ?[0m  [["room_number", 9], ["updated_at", "2020-01-19 08:36:51.294284"], ["id", 2]]
  [1m[35m (1.2ms)[0m  [1m[36mcommit transaction[0m
Redirected to http://localhost:3000/school_classes/2
Completed 302 Found in 5ms (ActiveRecord: 1.7ms)


Started GET "/school_classes/2" for ::1 at 2020-01-19 03:36:51 -0500
Processing by SchoolClassesController#show as HTML
  Parameters: {"id"=>"2"}
  [1m[36mSchoolClass Load (0.1ms)[0m  [1m[34mSELECT  "school_classes".* FROM "school_classes" WHERE "school_classes"."id" = ? LIMIT ?[0m  [["id", 2], ["LIMIT", 1]]
  Rendering school_classes/show.html.erb within layouts/application
  Rendered school_classes/show.html.erb within layouts/application (0.3ms)
Completed 200 OK in 11ms (Views: 9.3ms | ActiveRecord: 0.1ms)


Started GET "/school_classes/" for ::1 at 2020-01-19 03:36:54 -0500
Processing by SchoolClassesController#index as HTML
  Rendering school_classes/index.html.erb within layouts/application
  [1m[36mSchoolClass Load (0.1ms)[0m  [1m[34mSELECT "school_classes".* FROM "school_classes"[0m
  Rendered school_classes/index.html.erb within layouts/application (0.8ms)
Completed 200 OK in 10ms (Views: 8.4ms | ActiveRecord: 0.1ms)


Started GET "/school_classes/" for ::1 at 2020-01-19 03:36:58 -0500
Processing by SchoolClassesController#index as HTML
  Rendering school_classes/index.html.erb within layouts/application
  [1m[36mSchoolClass Load (0.1ms)[0m  [1m[34mSELECT "school_classes".* FROM "school_classes"[0m
  Rendered school_classes/index.html.erb within layouts/application (1.4ms)
Completed 200 OK in 10ms (Views: 9.2ms | ActiveRecord: 0.1ms)


Started GET "/school_classes/1" for ::1 at 2020-01-19 03:37:00 -0500
Processing by SchoolClassesController#show as HTML
  Parameters: {"id"=>"1"}
  [1m[36mSchoolClass Load (0.1ms)[0m  [1m[34mSELECT  "school_classes".* FROM "school_classes" WHERE "school_classes"."id" = ? LIMIT ?[0m  [["id", 1], ["LIMIT", 1]]
  Rendering school_classes/show.html.erb within layouts/application
  Rendered school_classes/show.html.erb within layouts/application (0.5ms)
Completed 200 OK in 11ms (Views: 9.7ms | ActiveRecord: 0.1ms)


Started GET "/school_classes/2" for ::1 at 2020-01-19 03:37:02 -0500
Processing by SchoolClassesController#show as HTML
  Parameters: {"id"=>"2"}
  [1m[36mSchoolClass Load (0.1ms)[0m  [1m[34mSELECT  "school_classes".* FROM "school_classes" WHERE "school_classes"."id" = ? LIMIT ?[0m  [["id", 2], ["LIMIT", 1]]
  Rendering school_classes/show.html.erb within layouts/application
  Rendered school_classes/show.html.erb within layouts/application (0.4ms)
Completed 200 OK in 13ms (Views: 10.9ms | ActiveRecord: 0.1ms)


